[INFO  - 2017-10-18T03:47:21.404Z] GhostDriver - Main - running on port 50986
[INFO  - 2017-10-18T03:47:22.553Z] Session [0c565120-b3b7-11e7-b58f-1f9441c49630] - page.settings - {"XSSAuditingEnabled":false,"javascriptCanCloseWindows":true,"javascriptCanOpenWindows":true,"javascriptEnabled":true,"loadImages":true,"localToRemoteUrlAccessEnabled":false,"userAgent":"Mozilla/5.0 (Windows NT 6.1; WOW64) AppleWebKit/538.1 (KHTML, like Gecko) PhantomJS/2.1.1 Safari/538.1","webSecurityEnabled":true}
[INFO  - 2017-10-18T03:47:22.553Z] Session [0c565120-b3b7-11e7-b58f-1f9441c49630] - page.customHeaders:  - {}
[INFO  - 2017-10-18T03:47:22.553Z] Session [0c565120-b3b7-11e7-b58f-1f9441c49630] - Session.negotiatedCapabilities - {"browserName":"phantomjs","version":"2.1.1","driverName":"ghostdriver","driverVersion":"1.2.0","platform":"windows-7-32bit","javascriptEnabled":true,"takesScreenshot":true,"handlesAlerts":false,"databaseEnabled":false,"locationContextEnabled":false,"applicationCacheEnabled":false,"browserConnectionEnabled":false,"cssSelectorsEnabled":true,"webStorageEnabled":false,"rotatable":false,"acceptSslCerts":false,"nativeEvents":true,"proxy":{"proxyType":"direct"}}
[INFO  - 2017-10-18T03:47:22.553Z] SessionManagerReqHand - _postNewSessionCommand - New Session Created: 0c565120-b3b7-11e7-b58f-1f9441c49630
[ERROR - 2017-10-18T03:47:23.627Z] Session [0c565120-b3b7-11e7-b58f-1f9441c49630] - page.onError - msg: Facebook Pixel Error: Error: Duplicate Pixel ID: 1617825791788311

  phantomjs://platform/console++.js:263 in error
[ERROR - 2017-10-18T03:47:23.628Z] Session [0c565120-b3b7-11e7-b58f-1f9441c49630] - page.onError - stack:
  p (http://connect.facebook.net/en_US/fbevents.js:24)

  phantomjs://platform/console++.js:263 in error
[ERROR - 2017-10-18T03:47:26.455Z] Session [0c565120-b3b7-11e7-b58f-1f9441c49630] - page.onError - msg: Facebook Pixel Error: Error: Duplicate Pixel ID: 1617825791788311

  phantomjs://platform/console++.js:263 in error
[ERROR - 2017-10-18T03:47:26.455Z] Session [0c565120-b3b7-11e7-b58f-1f9441c49630] - page.onError - stack:
  p (http://connect.facebook.net/en_US/fbevents.js:24)

  phantomjs://platform/console++.js:263 in error
[ERROR - 2017-10-18T03:47:28.374Z] Session [0c565120-b3b7-11e7-b58f-1f9441c49630] - page.onError - msg: Facebook Pixel Error: Error: Duplicate Pixel ID: 1617825791788311

  phantomjs://platform/console++.js:263 in error
[ERROR - 2017-10-18T03:47:28.374Z] Session [0c565120-b3b7-11e7-b58f-1f9441c49630] - page.onError - stack:
  p (http://connect.facebook.net/en_US/fbevents.js:24)

  phantomjs://platform/console++.js:263 in error
